0 info it worked if it ends with ok
1 verbose cli [ 'node', '/usr/local/bin/npm', 'install', '-g', 'doctoc' ]
2 info using npm@1.3.21
3 info using node@v0.10.24
4 verbose cache add [ 'doctoc', null ]
5 verbose cache add name=undefined spec="doctoc" args=["doctoc",null]
6 verbose parsed url { protocol: null,
6 verbose parsed url   slashes: null,
6 verbose parsed url   auth: null,
6 verbose parsed url   host: null,
6 verbose parsed url   port: null,
6 verbose parsed url   hostname: null,
6 verbose parsed url   hash: null,
6 verbose parsed url   search: null,
6 verbose parsed url   query: null,
6 verbose parsed url   pathname: 'doctoc',
6 verbose parsed url   path: 'doctoc',
6 verbose parsed url   href: 'doctoc' }
7 silly lockFile 02be5a86-doctoc doctoc
8 verbose lock doctoc /Users/ian/.npm/02be5a86-doctoc.lock
9 silly lockFile 02be5a86-doctoc doctoc
10 silly lockFile 02be5a86-doctoc doctoc
11 verbose addNamed [ 'doctoc', '' ]
12 verbose addNamed [ null, '*' ]
13 silly lockFile 06e4c5b2-doctoc doctoc@
14 verbose lock doctoc@ /Users/ian/.npm/06e4c5b2-doctoc.lock
15 silly addNameRange { name: 'doctoc', range: '*', hasData: false }
16 verbose url raw doctoc
17 verbose url resolving [ 'https://registry.npmjs.org/', './doctoc' ]
18 verbose url resolved https://registry.npmjs.org/doctoc
19 info trying registry request attempt 1 at 15:34:57
20 http GET https://registry.npmjs.org/doctoc
21 http 200 https://registry.npmjs.org/doctoc
22 silly registry.get cb [ 200,
22 silly registry.get   { date: 'Thu, 26 Jun 2014 14:34:58 GMT',
22 silly registry.get     server: 'CouchDB/1.5.0 (Erlang OTP/R16B03)',
22 silly registry.get     etag: '"BBPLO3J93DWJIKX4B0SC2UESL"',
22 silly registry.get     'content-type': 'application/json',
22 silly registry.get     'cache-control': 'max-age=30',
22 silly registry.get     'content-length': '21478',
22 silly registry.get     'accept-ranges': 'bytes',
22 silly registry.get     via: '1.1 varnish',
22 silly registry.get     age: '0',
22 silly registry.get     'x-served-by': 'cache-lcy1128-LCY',
22 silly registry.get     'x-cache': 'MISS',
22 silly registry.get     'x-cache-hits': '0',
22 silly registry.get     'x-timer': 'S1403793298.394198,VS0,VE316',
22 silly registry.get     vary: 'Accept',
22 silly registry.get     'keep-alive': 'timeout=10, max=50',
22 silly registry.get     connection: 'Keep-Alive' } ]
23 silly addNameRange number 2 { name: 'doctoc', range: '*', hasData: true }
24 silly addNameRange versions [ 'doctoc',
24 silly addNameRange   [ '0.0.1',
24 silly addNameRange     '0.0.2',
24 silly addNameRange     '0.0.3',
24 silly addNameRange     '0.1.0',
24 silly addNameRange     '0.2.0',
24 silly addNameRange     '0.2.1',
24 silly addNameRange     '0.3.0',
24 silly addNameRange     '0.4.0',
24 silly addNameRange     '0.4.1',
24 silly addNameRange     '0.4.2',
24 silly addNameRange     '0.4.3',
24 silly addNameRange     '0.4.4',
24 silly addNameRange     '0.4.5',
24 silly addNameRange     '0.5.1',
24 silly addNameRange     '0.5.2',
24 silly addNameRange     '0.5.3',
24 silly addNameRange     '0.6.0',
24 silly addNameRange     '0.7.0',
24 silly addNameRange     '0.7.1' ] ]
25 verbose addNamed [ 'doctoc', '0.7.1' ]
26 verbose addNamed [ '0.7.1', '0.7.1' ]
27 silly lockFile c3594c72-doctoc-0-7-1 doctoc@0.7.1
28 verbose lock doctoc@0.7.1 /Users/ian/.npm/c3594c72-doctoc-0-7-1.lock
29 silly lockFile fe110015-pmjs-org-doctoc-doctoc-0-7-1-tgz https://registry.npmjs.org/doctoc/-/doctoc-0.7.1.tgz
30 verbose lock https://registry.npmjs.org/doctoc/-/doctoc-0.7.1.tgz /Users/ian/.npm/fe110015-pmjs-org-doctoc-doctoc-0-7-1-tgz.lock
31 verbose addRemoteTarball [ 'https://registry.npmjs.org/doctoc/-/doctoc-0.7.1.tgz',
31 verbose addRemoteTarball   'be56f1ecd08e0bdec2c0563076709352b01cdabb' ]
32 info retry fetch attempt 1 at 15:34:58
33 verbose fetch to= /var/folders/fc/_q9f5y4n51bb7kjf_tv7l9xw0000gn/T/npm-88888-Vzm9NSrM/1403793298198-0.7613258073106408/tmp.tgz
34 http GET https://registry.npmjs.org/doctoc/-/doctoc-0.7.1.tgz
35 http 200 https://registry.npmjs.org/doctoc/-/doctoc-0.7.1.tgz
36 verbose tar unpack /var/folders/fc/_q9f5y4n51bb7kjf_tv7l9xw0000gn/T/npm-88888-Vzm9NSrM/1403793298198-0.7613258073106408/tmp.tgz
37 silly lockFile b9fff67c-98198-0-7613258073106408-package tar:///var/folders/fc/_q9f5y4n51bb7kjf_tv7l9xw0000gn/T/npm-88888-Vzm9NSrM/1403793298198-0.7613258073106408/package
38 verbose lock tar:///var/folders/fc/_q9f5y4n51bb7kjf_tv7l9xw0000gn/T/npm-88888-Vzm9NSrM/1403793298198-0.7613258073106408/package /Users/ian/.npm/b9fff67c-98198-0-7613258073106408-package.lock
39 silly lockFile 48937b31-98198-0-7613258073106408-tmp-tgz tar:///var/folders/fc/_q9f5y4n51bb7kjf_tv7l9xw0000gn/T/npm-88888-Vzm9NSrM/1403793298198-0.7613258073106408/tmp.tgz
40 verbose lock tar:///var/folders/fc/_q9f5y4n51bb7kjf_tv7l9xw0000gn/T/npm-88888-Vzm9NSrM/1403793298198-0.7613258073106408/tmp.tgz /Users/ian/.npm/48937b31-98198-0-7613258073106408-tmp-tgz.lock
41 silly gunzTarPerm modes [ '755', '644' ]
42 silly gunzTarPerm extractEntry package.json
43 silly gunzTarPerm extractEntry .npmignore
44 silly gunzTarPerm extractEntry README.md
45 silly gunzTarPerm extractEntry LICENSE
46 silly gunzTarPerm extractEntry doctoc.js
47 silly gunzTarPerm extractEntry .travis.yml
48 silly gunzTarPerm extractEntry lib/file.js
49 silly gunzTarPerm extractEntry lib/get-html-headers.js
50 silly gunzTarPerm extractEntry lib/transform.js
51 silly gunzTarPerm extractEntry test/transform-html.js
52 silly gunzTarPerm extractEntry test/transform.js
53 silly gunzTarPerm extractEntry test/fixtures/readme-with-html.md
54 silly lockFile b9fff67c-98198-0-7613258073106408-package tar:///var/folders/fc/_q9f5y4n51bb7kjf_tv7l9xw0000gn/T/npm-88888-Vzm9NSrM/1403793298198-0.7613258073106408/package
55 silly lockFile b9fff67c-98198-0-7613258073106408-package tar:///var/folders/fc/_q9f5y4n51bb7kjf_tv7l9xw0000gn/T/npm-88888-Vzm9NSrM/1403793298198-0.7613258073106408/package
56 silly lockFile 48937b31-98198-0-7613258073106408-tmp-tgz tar:///var/folders/fc/_q9f5y4n51bb7kjf_tv7l9xw0000gn/T/npm-88888-Vzm9NSrM/1403793298198-0.7613258073106408/tmp.tgz
57 silly lockFile 48937b31-98198-0-7613258073106408-tmp-tgz tar:///var/folders/fc/_q9f5y4n51bb7kjf_tv7l9xw0000gn/T/npm-88888-Vzm9NSrM/1403793298198-0.7613258073106408/tmp.tgz
58 verbose tar pack [ '/Users/ian/.npm/doctoc/0.7.1/package.tgz',
58 verbose tar pack   '/var/folders/fc/_q9f5y4n51bb7kjf_tv7l9xw0000gn/T/npm-88888-Vzm9NSrM/1403793298198-0.7613258073106408/package' ]
59 verbose tarball /Users/ian/.npm/doctoc/0.7.1/package.tgz
60 verbose folder /var/folders/fc/_q9f5y4n51bb7kjf_tv7l9xw0000gn/T/npm-88888-Vzm9NSrM/1403793298198-0.7613258073106408/package
61 silly lockFile b9fff67c-98198-0-7613258073106408-package tar:///var/folders/fc/_q9f5y4n51bb7kjf_tv7l9xw0000gn/T/npm-88888-Vzm9NSrM/1403793298198-0.7613258073106408/package
62 verbose lock tar:///var/folders/fc/_q9f5y4n51bb7kjf_tv7l9xw0000gn/T/npm-88888-Vzm9NSrM/1403793298198-0.7613258073106408/package /Users/ian/.npm/b9fff67c-98198-0-7613258073106408-package.lock
63 silly lockFile fdc17c42-ian-npm-doctoc-0-7-1-package-tgz tar:///Users/ian/.npm/doctoc/0.7.1/package.tgz
64 verbose lock tar:///Users/ian/.npm/doctoc/0.7.1/package.tgz /Users/ian/.npm/fdc17c42-ian-npm-doctoc-0-7-1-package-tgz.lock
65 silly lockFile b9fff67c-98198-0-7613258073106408-package tar:///var/folders/fc/_q9f5y4n51bb7kjf_tv7l9xw0000gn/T/npm-88888-Vzm9NSrM/1403793298198-0.7613258073106408/package
66 silly lockFile b9fff67c-98198-0-7613258073106408-package tar:///var/folders/fc/_q9f5y4n51bb7kjf_tv7l9xw0000gn/T/npm-88888-Vzm9NSrM/1403793298198-0.7613258073106408/package
67 silly lockFile fdc17c42-ian-npm-doctoc-0-7-1-package-tgz tar:///Users/ian/.npm/doctoc/0.7.1/package.tgz
68 silly lockFile fdc17c42-ian-npm-doctoc-0-7-1-package-tgz tar:///Users/ian/.npm/doctoc/0.7.1/package.tgz
69 silly lockFile 4c345971-ers-ian-npm-doctoc-0-7-1-package /Users/ian/.npm/doctoc/0.7.1/package
70 verbose lock /Users/ian/.npm/doctoc/0.7.1/package /Users/ian/.npm/4c345971-ers-ian-npm-doctoc-0-7-1-package.lock
71 silly lockFile 4c345971-ers-ian-npm-doctoc-0-7-1-package /Users/ian/.npm/doctoc/0.7.1/package
72 silly lockFile 4c345971-ers-ian-npm-doctoc-0-7-1-package /Users/ian/.npm/doctoc/0.7.1/package
73 verbose tar unpack /Users/ian/.npm/doctoc/0.7.1/package.tgz
74 silly lockFile cc5cdd4f-ers-ian-npm-doctoc-0-7-1-package tar:///Users/ian/.npm/doctoc/0.7.1/package
75 verbose lock tar:///Users/ian/.npm/doctoc/0.7.1/package /Users/ian/.npm/cc5cdd4f-ers-ian-npm-doctoc-0-7-1-package.lock
76 silly lockFile fdc17c42-ian-npm-doctoc-0-7-1-package-tgz tar:///Users/ian/.npm/doctoc/0.7.1/package.tgz
77 verbose lock tar:///Users/ian/.npm/doctoc/0.7.1/package.tgz /Users/ian/.npm/fdc17c42-ian-npm-doctoc-0-7-1-package-tgz.lock
78 silly gunzTarPerm modes [ '755', '644' ]
79 silly gunzTarPerm extractEntry package.json
80 silly gunzTarPerm extractEntry .npmignore
81 silly gunzTarPerm extractEntry README.md
82 silly gunzTarPerm extractEntry LICENSE
83 silly gunzTarPerm extractEntry doctoc.js
84 silly gunzTarPerm extractEntry .travis.yml
85 silly gunzTarPerm extractEntry lib/file.js
86 silly gunzTarPerm extractEntry lib/get-html-headers.js
87 silly gunzTarPerm extractEntry lib/transform.js
88 silly gunzTarPerm extractEntry test/transform-html.js
89 silly gunzTarPerm extractEntry test/transform.js
90 silly gunzTarPerm extractEntry test/fixtures/readme-with-html.md
91 silly lockFile cc5cdd4f-ers-ian-npm-doctoc-0-7-1-package tar:///Users/ian/.npm/doctoc/0.7.1/package
92 silly lockFile cc5cdd4f-ers-ian-npm-doctoc-0-7-1-package tar:///Users/ian/.npm/doctoc/0.7.1/package
93 silly lockFile fdc17c42-ian-npm-doctoc-0-7-1-package-tgz tar:///Users/ian/.npm/doctoc/0.7.1/package.tgz
94 silly lockFile fdc17c42-ian-npm-doctoc-0-7-1-package-tgz tar:///Users/ian/.npm/doctoc/0.7.1/package.tgz
95 verbose chmod /Users/ian/.npm/doctoc/0.7.1/package.tgz 644
96 verbose chown /Users/ian/.npm/doctoc/0.7.1/package.tgz [ 501, 20 ]
97 silly lockFile fe110015-pmjs-org-doctoc-doctoc-0-7-1-tgz https://registry.npmjs.org/doctoc/-/doctoc-0.7.1.tgz
98 silly lockFile fe110015-pmjs-org-doctoc-doctoc-0-7-1-tgz https://registry.npmjs.org/doctoc/-/doctoc-0.7.1.tgz
99 silly lockFile c3594c72-doctoc-0-7-1 doctoc@0.7.1
100 silly lockFile c3594c72-doctoc-0-7-1 doctoc@0.7.1
101 silly lockFile 06e4c5b2-doctoc doctoc@
102 silly lockFile 06e4c5b2-doctoc doctoc@
103 silly resolved [ { author:
103 silly resolved      { name: 'Thorsten Lorenz',
103 silly resolved        email: 'thlorenz@gmx.de',
103 silly resolved        url: 'thlorenz.com' },
103 silly resolved     name: 'doctoc',
103 silly resolved     description: 'Generates TOC for markdown files of local git repo.',
103 silly resolved     version: '0.7.1',
103 silly resolved     repository: { type: 'git', url: 'git://github.com/thlorenz/doctoc.git' },
103 silly resolved     scripts: { test: 'set -e; for t in test/*.js; do node $t; done' },
103 silly resolved     main: 'doctoc.js',
103 silly resolved     bin: { doctoc: 'doctoc.js' },
103 silly resolved     engines: { node: '>=0.4' },
103 silly resolved     dependencies:
103 silly resolved      { underscore: '>=1.3.3',
103 silly resolved        'anchor-markdown-header': '~0.3.0',
103 silly resolved        htmlparser2: '~3.7.1',
103 silly resolved        'update-section': '~0.3.0' },
103 silly resolved     devDependencies: { tap: '~0.4.8' },
103 silly resolved     license: 'MIT',
103 silly resolved     keywords: [ 'github', 'markdown', 'documentation', 'parser' ],
103 silly resolved     readme: '# DocToc [![build status](https://secure.travis-ci.org/thlorenz/doctoc.png)](http://travis-ci.org/thlorenz/doctoc)\n\n[![NPM](https://nodei.co/npm/doctoc.png?downloads=true&stars=true)](https://nodei.co/npm/doctoc/)\n\nGenerates table of contents for markdown files inside local git repository. Links are compatible with anchors generated\nby github or bitbucket via a command line flag.\n\n**Table of Contents**  *generated with [DocToc](http://doctoc.herokuapp.com/)*\n\n- [Installation](#installation)\n- [Usage](#usage)\n  - [Adding toc to all files in a directory and sub directories](#adding-toc-to-all-files-in-a-directory-and-sub-directories)\n  - [Adding toc to a single file](#adding-toc-to-a-single-file)\n    - [Example](#example)\n  - [Using doctoc to generate bitbucket compatible links](#using-doctoc-to-generate-bitbucket-compatible-links)\n\n## Installation\n\n    npm install -g doctoc\n\n## Usage\n\n### Adding toc to all files in a directory and sub directories\n\nGo into the directory that contains you local git project and type:\n    \n    doctoc .\n\nThis will update all markdown files in the current directory and all its\nsubdirectories with a table of content that will point at the anchors generated\nby the github markdown parser.\n\n### Adding toc to a single file\n\nIf you want to convert only a specific file, do:\n\n    doctoc /path/to/file\n\n#### Example\n\n    doctoc README.md\n\n### Using doctoc to generate bitbucket compatible links\n\nIn order to add a table of contents whose links are compatible with anchors generated by\n[bitbucket](https://bitbucket.org/), supply a `--bitbucket` flag to doctoc.\n\n    doctoc README.md --bitbucket\n\n\n[![Bitdeli Badge](https://d2weczhvl823v0.cloudfront.net/thlorenz/doctoc/trend.png)](https://bitdeli.com/free "Bitdeli Badge")\n\n',
103 silly resolved     readmeFilename: 'README.md',
103 silly resolved     bugs: { url: 'https://github.com/thlorenz/doctoc/issues' },
103 silly resolved     homepage: 'https://github.com/thlorenz/doctoc',
103 silly resolved     _id: 'doctoc@0.7.1',
103 silly resolved     dist: { shasum: '2bebfed6a440b3c3fef44fdf090af78451aa4a15' },
103 silly resolved     _from: 'doctoc@',
103 silly resolved     _resolved: 'https://registry.npmjs.org/doctoc/-/doctoc-0.7.1.tgz' } ]
104 info install doctoc@0.7.1 into /usr/local/lib
105 info installOne doctoc@0.7.1
106 info /usr/local/lib/node_modules/doctoc unbuild
107 verbose tar unpack /Users/ian/.npm/doctoc/0.7.1/package.tgz
108 silly lockFile fa93e230-sr-local-lib-node-modules-doctoc tar:///usr/local/lib/node_modules/doctoc
109 verbose lock tar:///usr/local/lib/node_modules/doctoc /Users/ian/.npm/fa93e230-sr-local-lib-node-modules-doctoc.lock
110 silly lockFile fdc17c42-ian-npm-doctoc-0-7-1-package-tgz tar:///Users/ian/.npm/doctoc/0.7.1/package.tgz
111 verbose lock tar:///Users/ian/.npm/doctoc/0.7.1/package.tgz /Users/ian/.npm/fdc17c42-ian-npm-doctoc-0-7-1-package-tgz.lock
112 silly gunzTarPerm modes [ '755', '644' ]
113 error Error: EACCES, mkdir '/usr/local/lib/node_modules/doctoc'
113 error  { [Error: EACCES, mkdir '/usr/local/lib/node_modules/doctoc']
113 error   errno: 3,
113 error   code: 'EACCES',
113 error   path: '/usr/local/lib/node_modules/doctoc',
113 error   fstream_type: 'Directory',
113 error   fstream_path: '/usr/local/lib/node_modules/doctoc',
113 error   fstream_class: 'DirWriter',
113 error   fstream_stack:
113 error    [ '/usr/local/lib/node_modules/npm/node_modules/fstream/lib/dir-writer.js:36:23',
113 error      '/usr/local/lib/node_modules/npm/node_modules/mkdirp/index.js:37:53',
113 error      'Object.oncomplete (fs.js:107:15)' ] }
114 error Please try running this command again as root/Administrator.
115 error System Darwin 13.2.0
116 error command "node" "/usr/local/bin/npm" "install" "-g" "doctoc"
117 error cwd /Users/ian/Dropbox/code/public-code/data-citation-workshop-2014
118 error node -v v0.10.24
119 error npm -v 1.3.21
120 error path /usr/local/lib/node_modules/doctoc
121 error fstream_path /usr/local/lib/node_modules/doctoc
122 error fstream_type Directory
123 error fstream_class DirWriter
124 error code EACCES
125 error errno 3
126 error stack Error: EACCES, mkdir '/usr/local/lib/node_modules/doctoc'
127 error fstream_stack /usr/local/lib/node_modules/npm/node_modules/fstream/lib/dir-writer.js:36:23
127 error fstream_stack /usr/local/lib/node_modules/npm/node_modules/mkdirp/index.js:37:53
127 error fstream_stack Object.oncomplete (fs.js:107:15)
128 verbose exit [ 3, true ]
